<?xml version="1.0" encoding="UTF-8"?>
<testsuite xmlns:xsi="http://www.w3.org/2001/XMLSchema-instance" xsi:schemaLocation="https://maven.apache.org/surefire/maven-surefire-plugin/xsd/surefire-test-report.xsd" name="| TEST_DATA | KIF | DS2 | srivastavag | SI | DS2 | RC | DS4 | DS5 | DS6 | RU | DS2 | RUINSERT | TEST_DEAL_01 | RateCardData | PnLData |" time="0.093" tests="1" errors="1" skipped="0" failures="0">
  <properties>
[...]
</properties>
  <testcase name="Given Workbook &quot;TEST_DATA&quot; Sheet &quot;KIF&quot; and DataSet &quot;DS2&quot;" classname="| TEST_DATA | KIF | DS2 | srivastavag | SI | DS2 | RC | DS4 | DS5 | DS6 | RU | DS2 | RUINSERT | TEST_DEAL_01 | RateCardData | PnLData |" time="0"/>
  <testcase name="Given Browser name and navigate to Url" classname="| TEST_DATA | KIF | DS2 | srivastavag | SI | DS2 | RC | DS4 | DS5 | DS6 | RU | DS2 | RUINSERT | TEST_DEAL_01 | RateCardData | PnLData |" time="0.015">
    <error message="Modal dialog present: &#10;Build info: version: &apos;2.53.1&apos;, revision: &apos;a36b8b1cd5757287168e54b817830adce9b0158d&apos;, time: &apos;2016-06-30 19:26:09&apos;&#10;System info: host: &apos;DS-7071BC8FF3F4&apos;, ip: &apos;219.64.178.47&apos;, os.name: &apos;Windows 7&apos;, os.arch: &apos;x86&apos;, os.version: &apos;6.1&apos;, java.version: &apos;1.8.0_92&apos;&#10;Driver info: org.openqa.selenium.ie.InternetExplorerDriver&#10;Capabilities [{browserAttachTimeout=0, enablePersistentHover=true, ie.forceCreateProcessApi=false, ie.usePerProcessProxy=false, ignoreZoomSetting=false, handlesAlerts=true, version=11, platform=WINDOWS, nativeEvents=true, ie.ensureCleanSession=false, elementScrollBehavior=0, ie.browserCommandLineSwitches=, requireWindowFocus=false, browserName=internet explorer, initialBrowserUrl=http://localhost:31974/, takesScreenshot=true, javascriptEnabled=true, ignoreProtectedModeSettings=false, enableElementCacheCleanup=true, cssSelectorsEnabled=true, unexpectedAlertBehaviour=ignore}]&#10;Session ID: e101f049-5172-470b-b2a4-300aebe6b3e0" type="org.openqa.selenium.UnhandledAlertException">org.openqa.selenium.UnhandledAlertException: 
Modal dialog present: 
Build info: version: '2.53.1', revision: 'a36b8b1cd5757287168e54b817830adce9b0158d', time: '2016-06-30 19:26:09'
System info: host: 'DS-7071BC8FF3F4', ip: '219.64.178.47', os.name: 'Windows 7', os.arch: 'x86', os.version: '6.1', java.version: '1.8.0_92'
Driver info: org.openqa.selenium.ie.InternetExplorerDriver
Capabilities [{browserAttachTimeout=0, enablePersistentHover=true, ie.forceCreateProcessApi=false, ie.usePerProcessProxy=false, ignoreZoomSetting=false, handlesAlerts=true, version=11, platform=WINDOWS, nativeEvents=true, ie.ensureCleanSession=false, elementScrollBehavior=0, ie.browserCommandLineSwitches=, requireWindowFocus=false, browserName=internet explorer, initialBrowserUrl=http://localhost:31974/, takesScreenshot=true, javascriptEnabled=true, ignoreProtectedModeSettings=false, enableElementCacheCleanup=true, cssSelectorsEnabled=true, unexpectedAlertBehaviour=ignore}]
Session ID: e101f049-5172-470b-b2a4-300aebe6b3e0
</error>
    <system-out><![CDATA[Sign In
]]></system-out>
    <system-err><![CDATA[Started InternetExplorerDriver server (32-bit)
2.45.0.0
Listening on port 31974
]]></system-err>
  </testcase>
  <testcase name="| TEST_DATA | KIF | DS2 | srivastavag | SI | DS2 | RC | DS4 | DS5 | DS6 | RU | DS2 | RUINSERT | TEST_DEAL_01 | RateCardData | PnLData |" classname="| TEST_DATA | KIF | DS2 | srivastavag | SI | DS2 | RC | DS4 | DS5 | DS6 | RU | DS2 | RUINSERT | TEST_DEAL_01 | RateCardData | PnLData |" time="0">
    <error message="Modal dialog present: &#10;Build info: version: &apos;2.53.1&apos;, revision: &apos;a36b8b1cd5757287168e54b817830adce9b0158d&apos;, time: &apos;2016-06-30 19:26:09&apos;&#10;System info: host: &apos;DS-7071BC8FF3F4&apos;, ip: &apos;219.64.178.47&apos;, os.name: &apos;Windows 7&apos;, os.arch: &apos;x86&apos;, os.version: &apos;6.1&apos;, java.version: &apos;1.8.0_92&apos;&#10;Driver info: org.openqa.selenium.ie.InternetExplorerDriver&#10;Capabilities [{browserAttachTimeout=0, enablePersistentHover=true, ie.forceCreateProcessApi=false, ie.usePerProcessProxy=false, ignoreZoomSetting=false, handlesAlerts=true, version=11, platform=WINDOWS, nativeEvents=true, ie.ensureCleanSession=false, elementScrollBehavior=0, ie.browserCommandLineSwitches=, requireWindowFocus=false, browserName=internet explorer, initialBrowserUrl=http://localhost:31974/, takesScreenshot=true, javascriptEnabled=true, ignoreProtectedModeSettings=false, enableElementCacheCleanup=true, cssSelectorsEnabled=true, unexpectedAlertBehaviour=ignore}]&#10;Session ID: e101f049-5172-470b-b2a4-300aebe6b3e0" type="org.openqa.selenium.UnhandledAlertException">org.openqa.selenium.UnhandledAlertException: 
Modal dialog present: 
Build info: version: '2.53.1', revision: 'a36b8b1cd5757287168e54b817830adce9b0158d', time: '2016-06-30 19:26:09'
System info: host: 'DS-7071BC8FF3F4', ip: '219.64.178.47', os.name: 'Windows 7', os.arch: 'x86', os.version: '6.1', java.version: '1.8.0_92'
Driver info: org.openqa.selenium.ie.InternetExplorerDriver
Capabilities [{browserAttachTimeout=0, enablePersistentHover=true, ie.forceCreateProcessApi=false, ie.usePerProcessProxy=false, ignoreZoomSetting=false, handlesAlerts=true, version=11, platform=WINDOWS, nativeEvents=true, ie.ensureCleanSession=false, elementScrollBehavior=0, ie.browserCommandLineSwitches=, requireWindowFocus=false, browserName=internet explorer, initialBrowserUrl=http://localhost:31974/, takesScreenshot=true, javascriptEnabled=true, ignoreProtectedModeSettings=false, enableElementCacheCleanup=true, cssSelectorsEnabled=true, unexpectedAlertBehaviour=ignore}]
Session ID: e101f049-5172-470b-b2a4-300aebe6b3e0
</error>
  </testcase>
  <testcase name="| TEST_DATA | KIF | DS2 | srivastavag | SI | DS2 | RC | DS4 | DS5 | DS6 | RU | DS2 | RUINSERT | TEST_DEAL_01 | RateCardData | PnLData |" classname="| TEST_DATA | KIF | DS2 | srivastavag | SI | DS2 | RC | DS4 | DS5 | DS6 | RU | DS2 | RUINSERT | TEST_DEAL_01 | RateCardData | PnLData |" time="0">
    <error message="Modal dialog present: &#10;Build info: version: &apos;2.53.1&apos;, revision: &apos;a36b8b1cd5757287168e54b817830adce9b0158d&apos;, time: &apos;2016-06-30 19:26:09&apos;&#10;System info: host: &apos;DS-7071BC8FF3F4&apos;, ip: &apos;219.64.178.47&apos;, os.name: &apos;Windows 7&apos;, os.arch: &apos;x86&apos;, os.version: &apos;6.1&apos;, java.version: &apos;1.8.0_92&apos;&#10;Driver info: org.openqa.selenium.ie.InternetExplorerDriver&#10;Capabilities [{browserAttachTimeout=0, enablePersistentHover=true, ie.forceCreateProcessApi=false, ie.usePerProcessProxy=false, ignoreZoomSetting=false, handlesAlerts=true, version=11, platform=WINDOWS, nativeEvents=true, ie.ensureCleanSession=false, elementScrollBehavior=0, ie.browserCommandLineSwitches=, requireWindowFocus=false, browserName=internet explorer, initialBrowserUrl=http://localhost:31974/, takesScreenshot=true, javascriptEnabled=true, ignoreProtectedModeSettings=false, enableElementCacheCleanup=true, cssSelectorsEnabled=true, unexpectedAlertBehaviour=ignore}]&#10;Session ID: e101f049-5172-470b-b2a4-300aebe6b3e0" type="org.openqa.selenium.UnhandledAlertException">org.openqa.selenium.UnhandledAlertException: 
Modal dialog present: 
Build info: version: '2.53.1', revision: 'a36b8b1cd5757287168e54b817830adce9b0158d', time: '2016-06-30 19:26:09'
System info: host: 'DS-7071BC8FF3F4', ip: '219.64.178.47', os.name: 'Windows 7', os.arch: 'x86', os.version: '6.1', java.version: '1.8.0_92'
Driver info: org.openqa.selenium.ie.InternetExplorerDriver
Capabilities [{browserAttachTimeout=0, enablePersistentHover=true, ie.forceCreateProcessApi=false, ie.usePerProcessProxy=false, ignoreZoomSetting=false, handlesAlerts=true, version=11, platform=WINDOWS, nativeEvents=true, ie.ensureCleanSession=false, elementScrollBehavior=0, ie.browserCommandLineSwitches=, requireWindowFocus=false, browserName=internet explorer, initialBrowserUrl=http://localhost:31974/, takesScreenshot=true, javascriptEnabled=true, ignoreProtectedModeSettings=false, enableElementCacheCleanup=true, cssSelectorsEnabled=true, unexpectedAlertBehaviour=ignore}]
Session ID: e101f049-5172-470b-b2a4-300aebe6b3e0
</error>
    <system-out><![CDATA[RATE CARD & PnL ACTUAL DATA SHEET : null
Sceanrio Name:Basic deal creation without rebadge tab and all mandatory fields and validation
]]></system-out>
  </testcase>
  <testcase name="When Click New Deal button" classname="| TEST_DATA | KIF | DS2 | srivastavag | SI | DS2 | RC | DS4 | DS5 | DS6 | RU | DS2 | RUINSERT | TEST_DEAL_01 | RateCardData | PnLData |" time="0">
    <skipped/>
  </testcase>
  <testcase name="Then Navigates to KIF page" classname="| TEST_DATA | KIF | DS2 | srivastavag | SI | DS2 | RC | DS4 | DS5 | DS6 | RU | DS2 | RUINSERT | TEST_DEAL_01 | RateCardData | PnLData |" time="0">
    <skipped/>
  </testcase>
  <testcase name="And Enter KIF page fields as per DataSet &quot;DS2&quot;" classname="| TEST_DATA | KIF | DS2 | srivastavag | SI | DS2 | RC | DS4 | DS5 | DS6 | RU | DS2 | RUINSERT | TEST_DEAL_01 | RateCardData | PnLData |" time="0">
    <skipped/>
  </testcase>
  <testcase name="When Click save button" classname="| TEST_DATA | KIF | DS2 | srivastavag | SI | DS2 | RC | DS4 | DS5 | DS6 | RU | DS2 | RUINSERT | TEST_DEAL_01 | RateCardData | PnLData |" time="0">
    <skipped/>
  </testcase>
  <testcase name="Then Deal Number Successfully Created" classname="| TEST_DATA | KIF | DS2 | srivastavag | SI | DS2 | RC | DS4 | DS5 | DS6 | RU | DS2 | RUINSERT | TEST_DEAL_01 | RateCardData | PnLData |" time="0">
    <skipped/>
  </testcase>
  <testcase name="When Click the SPOC button" classname="| TEST_DATA | KIF | DS2 | srivastavag | SI | DS2 | RC | DS4 | DS5 | DS6 | RU | DS2 | RUINSERT | TEST_DEAL_01 | RateCardData | PnLData |" time="0">
    <skipped/>
  </testcase>
  <testcase name="Then Enter SPOC details &quot;srivastavag&quot;" classname="| TEST_DATA | KIF | DS2 | srivastavag | SI | DS2 | RC | DS4 | DS5 | DS6 | RU | DS2 | RUINSERT | TEST_DEAL_01 | RateCardData | PnLData |" time="0">
    <skipped/>
  </testcase>
  <testcase name="And Click save button on SPOC selection page" classname="| TEST_DATA | KIF | DS2 | srivastavag | SI | DS2 | RC | DS4 | DS5 | DS6 | RU | DS2 | RUINSERT | TEST_DEAL_01 | RateCardData | PnLData |" time="0">
    <skipped/>
  </testcase>
  <testcase name="Then verify SPOC Allocation section populated" classname="| TEST_DATA | KIF | DS2 | srivastavag | SI | DS2 | RC | DS4 | DS5 | DS6 | RU | DS2 | RUINSERT | TEST_DEAL_01 | RateCardData | PnLData |" time="0">
    <skipped/>
  </testcase>
  <testcase name="When click Next button on KIF page" classname="| TEST_DATA | KIF | DS2 | srivastavag | SI | DS2 | RC | DS4 | DS5 | DS6 | RU | DS2 | RUINSERT | TEST_DEAL_01 | RateCardData | PnLData |" time="0">
    <skipped/>
  </testcase>
  <testcase name="Then Navigates to SI page" classname="| TEST_DATA | KIF | DS2 | srivastavag | SI | DS2 | RC | DS4 | DS5 | DS6 | RU | DS2 | RUINSERT | TEST_DEAL_01 | RateCardData | PnLData |" time="0">
    <skipped/>
  </testcase>
  <testcase name="Given Workbook &quot;TEST_DATA&quot; Sheet &quot;SI&quot; and DataSet &quot;DS2&quot;" classname="| TEST_DATA | KIF | DS2 | srivastavag | SI | DS2 | RC | DS4 | DS5 | DS6 | RU | DS2 | RUINSERT | TEST_DEAL_01 | RateCardData | PnLData |" time="0">
    <skipped/>
  </testcase>
  <testcase name="And Enter basic SI page fields" classname="| TEST_DATA | KIF | DS2 | srivastavag | SI | DS2 | RC | DS4 | DS5 | DS6 | RU | DS2 | RUINSERT | TEST_DEAL_01 | RateCardData | PnLData |" time="0">
    <skipped/>
  </testcase>
  <testcase name="And Enter KT fields in SI page" classname="| TEST_DATA | KIF | DS2 | srivastavag | SI | DS2 | RC | DS4 | DS5 | DS6 | RU | DS2 | RUINSERT | TEST_DEAL_01 | RateCardData | PnLData |" time="0">
    <skipped/>
  </testcase>
  <testcase name="And Enter Additiona Expense fields in SI page" classname="| TEST_DATA | KIF | DS2 | srivastavag | SI | DS2 | RC | DS4 | DS5 | DS6 | RU | DS2 | RUINSERT | TEST_DEAL_01 | RateCardData | PnLData |" time="0">
    <skipped/>
  </testcase>
  <testcase name="And Enter Effort Overrun Contingencies fields in SI page" classname="| TEST_DATA | KIF | DS2 | srivastavag | SI | DS2 | RC | DS4 | DS5 | DS6 | RU | DS2 | RUINSERT | TEST_DEAL_01 | RateCardData | PnLData |" time="0">
    <skipped/>
  </testcase>
  <testcase name="When Click save and move to Role Creation button" classname="| TEST_DATA | KIF | DS2 | srivastavag | SI | DS2 | RC | DS4 | DS5 | DS6 | RU | DS2 | RUINSERT | TEST_DEAL_01 | RateCardData | PnLData |" time="0">
    <skipped/>
  </testcase>
  <testcase name="Then Navigates to Role Creation page" classname="| TEST_DATA | KIF | DS2 | srivastavag | SI | DS2 | RC | DS4 | DS5 | DS6 | RU | DS2 | RUINSERT | TEST_DEAL_01 | RateCardData | PnLData |" time="0">
    <skipped/>
  </testcase>
  <testcase name="And Add Customer Role as per Datset &quot;DS4&quot; from Workbook &quot;TEST_DATA&quot; and Sheet &quot;RC&quot;" classname="| TEST_DATA | KIF | DS2 | srivastavag | SI | DS2 | RC | DS4 | DS5 | DS6 | RU | DS2 | RUINSERT | TEST_DEAL_01 | RateCardData | PnLData |" time="0">
    <skipped/>
  </testcase>
  <testcase name="And Add Customer Role as per Datset &quot;DS5&quot; from Workbook &quot;TEST_DATA&quot; and Sheet &quot;RC&quot;" classname="| TEST_DATA | KIF | DS2 | srivastavag | SI | DS2 | RC | DS4 | DS5 | DS6 | RU | DS2 | RUINSERT | TEST_DEAL_01 | RateCardData | PnLData |" time="0">
    <skipped/>
  </testcase>
  <testcase name="And Add Customer Role as per Datset &quot;DS6&quot; from Workbook &quot;TEST_DATA&quot; and Sheet &quot;RC&quot;" classname="| TEST_DATA | KIF | DS2 | srivastavag | SI | DS2 | RC | DS4 | DS5 | DS6 | RU | DS2 | RUINSERT | TEST_DEAL_01 | RateCardData | PnLData |" time="0">
    <skipped/>
  </testcase>
  <testcase name="When Click Rampup button" classname="| TEST_DATA | KIF | DS2 | srivastavag | SI | DS2 | RC | DS4 | DS5 | DS6 | RU | DS2 | RUINSERT | TEST_DEAL_01 | RateCardData | PnLData |" time="0">
    <skipped/>
  </testcase>
  <testcase name="Then Navigates to Ramp Up page" classname="| TEST_DATA | KIF | DS2 | srivastavag | SI | DS2 | RC | DS4 | DS5 | DS6 | RU | DS2 | RUINSERT | TEST_DEAL_01 | RateCardData | PnLData |" time="0">
    <skipped/>
  </testcase>
  <testcase name="And Insert number of rows for multiple ramp up as per Datset &quot;DS2&quot; from Workbook &quot;TEST_DATA&quot; and Sheet &quot;RU&quot;" classname="| TEST_DATA | KIF | DS2 | srivastavag | SI | DS2 | RC | DS4 | DS5 | DS6 | RU | DS2 | RUINSERT | TEST_DEAL_01 | RateCardData | PnLData |" time="0">
    <skipped/>
  </testcase>
  <testcase name="And Enter details of ramp up in Insert Ramp Up window from Workbook &quot;TEST_DATA&quot; and Sheet &quot;RUINSERT&quot;" classname="| TEST_DATA | KIF | DS2 | srivastavag | SI | DS2 | RC | DS4 | DS5 | DS6 | RU | DS2 | RUINSERT | TEST_DEAL_01 | RateCardData | PnLData |" time="0">
    <skipped/>
  </testcase>
  <testcase name="When Click Insert on Ramp Up window" classname="| TEST_DATA | KIF | DS2 | srivastavag | SI | DS2 | RC | DS4 | DS5 | DS6 | RU | DS2 | RUINSERT | TEST_DEAL_01 | RateCardData | PnLData |" time="0">
    <skipped/>
  </testcase>
  <testcase name="Then Ramp up rows get saved and reflected on UI" classname="| TEST_DATA | KIF | DS2 | srivastavag | SI | DS2 | RC | DS4 | DS5 | DS6 | RU | DS2 | RUINSERT | TEST_DEAL_01 | RateCardData | PnLData |" time="0">
    <skipped/>
  </testcase>
  <testcase name="When Click Next button on Ramp Up page" classname="| TEST_DATA | KIF | DS2 | srivastavag | SI | DS2 | RC | DS4 | DS5 | DS6 | RU | DS2 | RUINSERT | TEST_DEAL_01 | RateCardData | PnLData |" time="0">
    <skipped/>
  </testcase>
  <testcase name="Then Navigates to Rate Card page" classname="| TEST_DATA | KIF | DS2 | srivastavag | SI | DS2 | RC | DS4 | DS5 | DS6 | RU | DS2 | RUINSERT | TEST_DEAL_01 | RateCardData | PnLData |" time="0">
    <skipped/>
  </testcase>
  <testcase name="And Validate Rate Card Table Data For Given Workbook &quot;TEST_DEAL_01&quot; and Sheet &quot;RateCardData&quot;" classname="| TEST_DATA | KIF | DS2 | srivastavag | SI | DS2 | RC | DS4 | DS5 | DS6 | RU | DS2 | RUINSERT | TEST_DEAL_01 | RateCardData | PnLData |" time="0">
    <skipped/>
  </testcase>
  <testcase name="When Click Next button on Rate Card page" classname="| TEST_DATA | KIF | DS2 | srivastavag | SI | DS2 | RC | DS4 | DS5 | DS6 | RU | DS2 | RUINSERT | TEST_DEAL_01 | RateCardData | PnLData |" time="0">
    <skipped/>
  </testcase>
  <testcase name="Then Navigates to PnL page" classname="| TEST_DATA | KIF | DS2 | srivastavag | SI | DS2 | RC | DS4 | DS5 | DS6 | RU | DS2 | RUINSERT | TEST_DEAL_01 | RateCardData | PnLData |" time="0">
    <skipped/>
  </testcase>
  <testcase name="And Validate PnL Table Data For Given Workbook &quot;TEST_DEAL_01&quot; and Sheet &quot;PnLData&quot;" classname="| TEST_DATA | KIF | DS2 | srivastavag | SI | DS2 | RC | DS4 | DS5 | DS6 | RU | DS2 | RUINSERT | TEST_DEAL_01 | RateCardData | PnLData |" time="0">
    <skipped/>
  </testcase>
</testsuite>